{"/Users/viktar-daniil/Documents/Projects/ITA-CrushOn-Client/src/core/data/store/user/user.actions.ts": {"path":"/Users/viktar-daniil/Documents/Projects/ITA-CrushOn-Client/src/core/data/store/user/user.actions.ts","statementMap":{"0":{"start":{"line":5,"column":28},"end":{"line":11,"column":1}},"1":{"start":{"line":13,"column":29},"end":{"line":13,"column":76}}},"fnMap":{},"branchMap":{},"s":{"0":1,"1":1},"f":{},"b":{},"_coverageSchema":"1a1c01bbd47fc00a2c39e90264f33305004495a9","hash":"3c94b32e9f8960036dd42b2d7ee7639d9aee1857"}
,"/Users/viktar-daniil/Documents/Projects/ITA-CrushOn-Client/src/core/data/store/user/user.reducer.ts": {"path":"/Users/viktar-daniil/Documents/Projects/ITA-CrushOn-Client/src/core/data/store/user/user.reducer.ts","statementMap":{"0":{"start":{"line":8,"column":32},"end":{"line":11,"column":1}},"1":{"start":{"line":13,"column":27},"end":{"line":27,"column":2}},"2":{"start":{"line":14,"column":4},"end":{"line":26,"column":11}},"3":{"start":{"line":16,"column":12},"end":{"line":16,"column":44}},"4":{"start":{"line":19,"column":12},"end":{"line":19,"column":44}},"5":{"start":{"line":22,"column":12},"end":{"line":22,"column":41}},"6":{"start":{"line":25,"column":12},"end":{"line":25,"column":42}}},"fnMap":{"0":{"name":"(anonymous_0)","decl":{"start":{"line":13,"column":66},"end":{"line":13,"column":67}},"loc":{"start":{"line":13,"column":79},"end":{"line":27,"column":1}},"line":13},"1":{"name":"(anonymous_1)","decl":{"start":{"line":15,"column":32},"end":{"line":15,"column":33}},"loc":{"start":{"line":15,"column":51},"end":{"line":17,"column":9}},"line":15},"2":{"name":"(anonymous_2)","decl":{"start":{"line":18,"column":42},"end":{"line":18,"column":43}},"loc":{"start":{"line":18,"column":61},"end":{"line":20,"column":9}},"line":18},"3":{"name":"(anonymous_3)","decl":{"start":{"line":21,"column":37},"end":{"line":21,"column":38}},"loc":{"start":{"line":21,"column":48},"end":{"line":23,"column":9}},"line":21},"4":{"name":"(anonymous_4)","decl":{"start":{"line":24,"column":48},"end":{"line":24,"column":49}},"loc":{"start":{"line":24,"column":59},"end":{"line":26,"column":9}},"line":24}},"branchMap":{},"s":{"0":1,"1":1,"2":1,"3":1,"4":1,"5":1,"6":1},"f":{"0":1,"1":1,"2":1,"3":1,"4":1},"b":{},"_coverageSchema":"1a1c01bbd47fc00a2c39e90264f33305004495a9","hash":"751b506ee474c0c414624e69020f989ca4e3804a"}
,"/Users/viktar-daniil/Documents/Projects/ITA-CrushOn-Client/src/features/cards/data/store/cards.selectors.ts": {"path":"/Users/viktar-daniil/Documents/Projects/ITA-CrushOn-Client/src/features/cards/data/store/cards.selectors.ts","statementMap":{"0":{"start":{"line":8,"column":69},"end":{"line":11,"column":1}},"1":{"start":{"line":9,"column":33},"end":{"line":9,"column":38}},"2":{"start":{"line":10,"column":15},"end":{"line":10,"column":26}},"3":{"start":{"line":13,"column":60},"end":{"line":16,"column":1}},"4":{"start":{"line":15,"column":15},"end":{"line":15,"column":36}},"5":{"start":{"line":18,"column":70},"end":{"line":21,"column":1}},"6":{"start":{"line":20,"column":15},"end":{"line":20,"column":30}},"7":{"start":{"line":23,"column":68},"end":{"line":26,"column":1}},"8":{"start":{"line":25,"column":15},"end":{"line":25,"column":33}}},"fnMap":{"0":{"name":"(anonymous_0)","decl":{"start":{"line":9,"column":4},"end":{"line":9,"column":5}},"loc":{"start":{"line":9,"column":33},"end":{"line":9,"column":38}},"line":9},"1":{"name":"(anonymous_1)","decl":{"start":{"line":10,"column":4},"end":{"line":10,"column":5}},"loc":{"start":{"line":10,"column":15},"end":{"line":10,"column":26}},"line":10},"2":{"name":"(anonymous_2)","decl":{"start":{"line":15,"column":4},"end":{"line":15,"column":5}},"loc":{"start":{"line":15,"column":15},"end":{"line":15,"column":36}},"line":15},"3":{"name":"(anonymous_3)","decl":{"start":{"line":20,"column":4},"end":{"line":20,"column":5}},"loc":{"start":{"line":20,"column":15},"end":{"line":20,"column":30}},"line":20},"4":{"name":"(anonymous_4)","decl":{"start":{"line":25,"column":4},"end":{"line":25,"column":5}},"loc":{"start":{"line":25,"column":15},"end":{"line":25,"column":33}},"line":25}},"branchMap":{},"s":{"0":1,"1":1,"2":1,"3":1,"4":1,"5":1,"6":1,"7":1,"8":1},"f":{"0":1,"1":1,"2":1,"3":1,"4":1},"b":{},"_coverageSchema":"1a1c01bbd47fc00a2c39e90264f33305004495a9","hash":"f84937792b9f9d60c478aa24653274c22082102b"}
,"/Users/viktar-daniil/Documents/Projects/ITA-CrushOn-Client/src/features/profile/data/store/edit-profile.actions.ts": {"path":"/Users/viktar-daniil/Documents/Projects/ITA-CrushOn-Client/src/features/profile/data/store/edit-profile.actions.ts","statementMap":{"0":{"start":{"line":7,"column":29},"end":{"line":10,"column":1}},"1":{"start":{"line":12,"column":25},"end":{"line":15,"column":1}}},"fnMap":{},"branchMap":{},"s":{"0":1,"1":1},"f":{},"b":{},"_coverageSchema":"1a1c01bbd47fc00a2c39e90264f33305004495a9","hash":"dd9eaafc4a58621866c3f8146ac1a3acc0a66422"}
}
